<?xml version="1.0" encoding="UTF-8"?>
<testsuite xmlns:xsi="http://www.w3.org/2001/XMLSchema-instance" xsi:noNamespaceSchemaLocation="https://maven.apache.org/surefire/maven-surefire-plugin/xsd/surefire-test-report-3.0.xsd" version="3.0" name="org.example.testRunner.testRunner" time="140.707" tests="19" errors="0" skipped="0" failures="3">
  <properties>
[...]
</properties>
  <testcase name="runScenario" classname="org.example.testRunner.testRunner" time="10.542"/>
  <testcase name="runScenario" classname="org.example.testRunner.testRunner" time="8.255"/>
  <testcase name="runScenario" classname="org.example.testRunner.testRunner" time="6.957"/>
  <testcase name="runScenario" classname="org.example.testRunner.testRunner" time="7.11"/>
  <testcase name="runScenario" classname="org.example.testRunner.testRunner" time="7.341"/>
  <testcase name="runScenario" classname="org.example.testRunner.testRunner" time="6.631"/>
  <testcase name="runScenario" classname="org.example.testRunner.testRunner" time="6.462"/>
  <testcase name="runScenario" classname="org.example.testRunner.testRunner" time="8.01"/>
  <testcase name="runScenario" classname="org.example.testRunner.testRunner" time="7.649"/>
  <testcase name="runScenario" classname="org.example.testRunner.testRunner" time="7.931"/>
  <testcase name="runScenario" classname="org.example.testRunner.testRunner" time="6.647"/>
  <testcase name="runScenario" classname="org.example.testRunner.testRunner" time="5.832">
    <failure message="expected [https://demo.nopcommerce.com/nokia-lumia-1020] but found [https://demo.nopcommerce.com/]" type="java.lang.AssertionError"><![CDATA[java.lang.AssertionError: expected [https://demo.nopcommerce.com/nokia-lumia-1020] but found [https://demo.nopcommerce.com/]
]]></failure>
    <system-out><![CDATA[
@smoke
Scenario: user click on first slider and gets redirected to its page &amp#27;[90m# src/main/resources/features/F06_homeSliders.feature:4&amp#27;[0m
  &amp#27;[32mWhen &amp#27;[0m&amp#27;[32muser clicks on nokia slider&amp#27;[0m                                   &amp#27;[90m# org.example.stepDefinitions.D06_homeSlidersStepDef.userClicksOnFirstSlider()&amp#27;[0m
  &amp#27;[31mThen &amp#27;[0m&amp#27;[31muser is redirected to nokia slider page&amp#27;[0m                       &amp#27;[90m# org.example.stepDefinitions.D06_homeSlidersStepDef.userIsRedirectedToFirstSliderPage()&amp#27;[0m
      &amp#27;[31mjava.lang.AssertionError: expected [https://demo.nopcommerce.com/nokia-lumia-1020] but found [https://demo.nopcommerce.com/]
	at org.testng.Assert.fail(Assert.java:110)
	at org.testng.Assert.failNotEquals(Assert.java:1413)
	at org.testng.Assert.assertEqualsImpl(Assert.java:149)
	at org.testng.Assert.assertEquals(Assert.java:131)
	at org.testng.Assert.assertEquals(Assert.java:655)
	at org.testng.Assert.assertEquals(Assert.java:665)
	at org.example.stepDefinitions.D06_homeSlidersStepDef.userIsRedirectedToFirstSliderPage(D06_homeSlidersStepDef.java:20)
	at âœ½.user is redirected to nokia slider page(file:///D:/demonopcommerce/src/main/resources/features/F06_homeSliders.feature:6)
&amp#27;[0m
]]></system-out>
    <system-err><![CDATA[Starting ChromeDriver 106.0.5249.61 (511755355844955cd3e264779baf0dd38212a4d0-refs/branch-heads/5249@{#569}) on port 64606
Only local connections are allowed.
Please see https://chromedriver.chromium.org/security-considerations for suggestions on keeping ChromeDriver safe.
ChromeDriver was started successfully.
[1667785309.723][WARNING]: This version of ChromeDriver has not been tested with Chrome version 107.
Nov 07, 2022 3:41:49 AM org.openqa.selenium.remote.ProtocolHandshake createSession
INFO: Detected upstream dialect: W3C
Nov 07, 2022 3:41:49 AM org.openqa.selenium.devtools.CdpVersionFinder findNearestMatch
WARNING: Unable to find an exact match for CDP version 107, so returning the closest version found: 106
Nov 07, 2022 3:41:49 AM org.openqa.selenium.devtools.CdpVersionFinder findNearestMatch
INFO: Found CDP implementation for version 107 of 106
]]></system-err>
  </testcase>
  <testcase name="runScenario" classname="org.example.testRunner.testRunner" time="8.89">
    <failure message="expected [https://demo.nopcommerce.com/iphone-6] but found [https://demo.nopcommerce.com/]" type="java.lang.AssertionError"><![CDATA[java.lang.AssertionError: expected [https://demo.nopcommerce.com/iphone-6] but found [https://demo.nopcommerce.com/]
]]></failure>
    <system-out><![CDATA[
@smoke
Scenario: user click on second slider and gets redirected to its page &amp#27;[90m# src/main/resources/features/F06_homeSliders.feature:8&amp#27;[0m
  &amp#27;[32mWhen &amp#27;[0m&amp#27;[32muser clicks on iphone slider&amp#27;[0m                                   &amp#27;[90m# org.example.stepDefinitions.D06_homeSlidersStepDef.userClicksOnSecondSlider()&amp#27;[0m
  &amp#27;[31mThen &amp#27;[0m&amp#27;[31muser is redirected to iphone slider page&amp#27;[0m                       &amp#27;[90m# org.example.stepDefinitions.D06_homeSlidersStepDef.userIsRedirectedToSecondSliderPage()&amp#27;[0m
      &amp#27;[31mjava.lang.AssertionError: expected [https://demo.nopcommerce.com/iphone-6] but found [https://demo.nopcommerce.com/]
	at org.testng.Assert.fail(Assert.java:110)
	at org.testng.Assert.failNotEquals(Assert.java:1413)
	at org.testng.Assert.assertEqualsImpl(Assert.java:149)
	at org.testng.Assert.assertEquals(Assert.java:131)
	at org.testng.Assert.assertEquals(Assert.java:655)
	at org.testng.Assert.assertEquals(Assert.java:665)
	at org.example.stepDefinitions.D06_homeSlidersStepDef.userIsRedirectedToSecondSliderPage(D06_homeSlidersStepDef.java:31)
	at âœ½.user is redirected to iphone slider page(file:///D:/demonopcommerce/src/main/resources/features/F06_homeSliders.feature:10)
&amp#27;[0m
]]></system-out>
    <system-err><![CDATA[Starting ChromeDriver 106.0.5249.61 (511755355844955cd3e264779baf0dd38212a4d0-refs/branch-heads/5249@{#569}) on port 49595
Only local connections are allowed.
Please see https://chromedriver.chromium.org/security-considerations for suggestions on keeping ChromeDriver safe.
ChromeDriver was started successfully.
[1667785315.554][WARNING]: This version of ChromeDriver has not been tested with Chrome version 107.
Nov 07, 2022 3:41:55 AM org.openqa.selenium.remote.ProtocolHandshake createSession
INFO: Detected upstream dialect: W3C
Nov 07, 2022 3:41:55 AM org.openqa.selenium.devtools.CdpVersionFinder findNearestMatch
WARNING: Unable to find an exact match for CDP version 107, so returning the closest version found: 106
Nov 07, 2022 3:41:55 AM org.openqa.selenium.devtools.CdpVersionFinder findNearestMatch
INFO: Found CDP implementation for version 107 of 106
]]></system-err>
  </testcase>
  <testcase name="runScenario" classname="org.example.testRunner.testRunner" time="6.751"/>
  <testcase name="runScenario" classname="org.example.testRunner.testRunner" time="7.128"/>
  <testcase name="runScenario" classname="org.example.testRunner.testRunner" time="5.768">
    <failure message="Index: 1, Size: 1" type="java.lang.IndexOutOfBoundsException"><![CDATA[java.lang.IndexOutOfBoundsException: Index: 1, Size: 1
]]></failure>
    <system-out><![CDATA[
@smoke
Scenario: user opens rss link                                                       &amp#27;[90m# src/main/resources/features/F07_followUs.feature:9&amp#27;[0m
  &amp#27;[32mWhen &amp#27;[0m&amp#27;[32muser opens rss link&amp#27;[0m                                                          &amp#27;[90m# org.example.stepDefinitions.D07_followUsStepDef.userOpensRssLink()&amp#27;[0m
  &amp#27;[31mThen &amp#27;[0m&amp#27;[31m&amp#27;[0m&amp#27;[31m&amp#27;[1m"https://demo.nopcommerce.com/new-online-store-is-open"&amp#27;[0m&amp#27;[31m is opened in new tab&amp#27;[0m &amp#27;[90m# org.example.stepDefinitions.D07_followUsStepDef.isOpenedInNewTab(java.lang.String)&amp#27;[0m
      &amp#27;[31mjava.lang.IndexOutOfBoundsException: Index: 1, Size: 1
	at java.util.ArrayList.rangeCheck(ArrayList.java:659)
	at java.util.ArrayList.get(ArrayList.java:435)
	at org.example.stepDefinitions.D07_followUsStepDef.isOpenedInNewTab(D07_followUsStepDef.java:27)
	at âœ½."https://demo.nopcommerce.com/new-online-store-is-open" is opened in new tab(file:///D:/demonopcommerce/src/main/resources/features/F07_followUs.feature:11)
&amp#27;[0m
]]></system-out>
    <system-err><![CDATA[Starting ChromeDriver 106.0.5249.61 (511755355844955cd3e264779baf0dd38212a4d0-refs/branch-heads/5249@{#569}) on port 57875
Only local connections are allowed.
Please see https://chromedriver.chromium.org/security-considerations for suggestions on keeping ChromeDriver safe.
ChromeDriver was started successfully.
[1667785338.309][WARNING]: This version of ChromeDriver has not been tested with Chrome version 107.
Nov 07, 2022 3:42:18 AM org.openqa.selenium.remote.ProtocolHandshake createSession
INFO: Detected upstream dialect: W3C
Nov 07, 2022 3:42:18 AM org.openqa.selenium.devtools.CdpVersionFinder findNearestMatch
WARNING: Unable to find an exact match for CDP version 107, so returning the closest version found: 106
Nov 07, 2022 3:42:18 AM org.openqa.selenium.devtools.CdpVersionFinder findNearestMatch
INFO: Found CDP implementation for version 107 of 106
]]></system-err>
  </testcase>
  <testcase name="runScenario" classname="org.example.testRunner.testRunner" time="9.32"/>
  <testcase name="runScenario" classname="org.example.testRunner.testRunner" time="5.89"/>
  <testcase name="runScenario" classname="org.example.testRunner.testRunner" time="6.437"/>
</testsuite>